<?xml version="1.0" encoding="UTF-8"?>
<!-- Generated by org.testng.reporters.JUnitReportReporter -->
<testsuite hostname="DESKTOP-CADVKIL" failures="0" tests="1" name="testng.TestNGDemo" time="27.306" errors="0" timestamp="2023-07-31T16:53:57 EDT" skipped="0">
  <testcase classname="testng.TestNGDemo" name="googleSearch" time="27.306"/>
</testsuite> <!-- testng.TestNGDemo -->
